MCC_Project/app/build/outputs/logs/manifest-merger-debug-report.txt
-- Merging decision tree log ---
manifest
ADDED from AndroidManifest.xml:2:1
	package
		ADDED from AndroidManifest.xml:3:11
		INJECTED from AndroidManifest.xml:0:0
		INJECTED from AndroidManifest.xml:0:0
	android:versionName
		ADDED from AndroidManifest.xml:5:11
	android:versionCode
		ADDED from AndroidManifest.xml:4:11
		INJECTED from AndroidManifest.xml:0:0
		INJECTED from AndroidManifest.xml:0:0
	xmlns:android
		ADDED from AndroidManifest.xml:2:11
uses-sdk
ADDED from AndroidManifest.xml:6:5
	android:targetSdkVersion
		ADDED from AndroidManifest.xml:7:13
		INJECTED from AndroidManifest.xml:0:0
		INJECTED from AndroidManifest.xml:0:0
	android:minSdkVersion
		ADDED from AndroidManifest.xml:6:15
		INJECTED from AndroidManifest.xml:0:0
		INJECTED from AndroidManifest.xml:0:0
application
ADDED from AndroidManifest.xml:8:5
	android:label
		ADDED from AndroidManifest.xml:8:18
	android:icon
		ADDED from AndroidManifest.xml:8:51
activity#com.tejas.Login
ADDED from AndroidManifest.xml:10:9
	android:label
		ADDED from AndroidManifest.xml:11:19
	android:name
		ADDED from AndroidManifest.xml:10:19
intent-filter#android.intent.action.MAIN+android.intent.category.LAUNCHER
ADDED from AndroidManifest.xml:12:13
action#android.intent.action.MAIN
ADDED from AndroidManifest.xml:13:17
	android:name
		ADDED from AndroidManifest.xml:13:25
category#android.intent.category.LAUNCHER
ADDED from AndroidManifest.xml:14:17
	android:name
		ADDED from AndroidManifest.xml:14:27
activity#com.tejas.Register
ADDED from AndroidManifest.xml:17:9
	android:label
		ADDED from AndroidManifest.xml:18:19
	android:name
		ADDED from AndroidManifest.xml:17:19
activity#com.tejas.Registered
ADDED from AndroidManifest.xml:22:9
	android:label
		ADDED from AndroidManifest.xml:23:19
	android:name
		ADDED from AndroidManifest.xml:22:19
activity#com.tejas.Main
ADDED from AndroidManifest.xml:28:9
	android:label
		ADDED from AndroidManifest.xml:29:19
	android:name
		ADDED from AndroidManifest.xml:28:19
activity#com.tejas.PasswordReset
ADDED from AndroidManifest.xml:33:9
	android:label
		ADDED from AndroidManifest.xml:34:19
	android:name
		ADDED from AndroidManifest.xml:33:19
activity#com.tejas.ChangePassword
ADDED from AndroidManifest.xml:37:9
	android:label
		ADDED from AndroidManifest.xml:38:19
	android:name
		ADDED from AndroidManifest.xml:37:19
activity#com.tejas.MyActivity
ADDED from AndroidManifest.xml:42:9
	android:label
		ADDED from AndroidManifest.xml:43:19
	android:name
		ADDED from AndroidManifest.xml:42:19
uses-permission#android.permission.INTERNET
ADDED from AndroidManifest.xml:50:5
	android:name
		ADDED from AndroidManifest.xml:50:22
uses-permission#android.permission.ACCESS_NETWORK_STATE
ADDED from AndroidManifest.xml:51:5
	android:name
		ADDED from AndroidManifest.xml:51:22
uses-permission#android.permission.ACCESS_FINE_LOCATION
ADDED from AndroidManifest.xml:52:5
	android:name
		ADDED from AndroidManifest.xml:52:22